<?xml version="1.0" encoding="UTF-8"?>
<!-- Generated by org.testng.reporters.JUnitXMLReporter -->
<testsuite ignored="0" hostname="DELL" failures="0" tests="13" name="Test" time="143.878" errors="0" timestamp="2024-05-09T13:44:34 IST">
  <testcase classname="TS_004_FORGOT_PASSWORD_FUNCTIONALITY.TC_FP_003_FORGOT_PASSWORD_FUNCTIONALITY4" name="validate_placeholder_new_password_fp_003" time="0.026"/>
  <testcase classname="TS_004_FORGOT_PASSWORD_FUNCTIONALITY.TC_FP_009_FORGOT_PASSWORD_FUNCTIONALITY3" name="validate_backbutton__fp_009" time="0.006"/>
  <testcase classname="TS_004_FORGOT_PASSWORD_FUNCTIONALITY.TC_FP_013_FORGOT_PASSWORD_FUNCTIONALITY2" name="validate_invalid_credintial_forgot_password_fp_001" time="0.003"/>
  <testcase classname="TS_004_FORGOT_PASSWORD_FUNCTIONALITY.TC_FP_005_FORGOT_PASSWORD_FUNCTIONALITY3" name="validate_title_url_fp_005" time="0.006"/>
  <testcase classname="TS_004_FORGOT_PASSWORD_FUNCTIONALITY.TC_FP_011_FORGOT_PASSWORD_FUNCTIONALITY3" name="validate_toggle_key_password_change_fp_011" time="0.006"/>
  <testcase classname="TS_004_FORGOT_PASSWORD_FUNCTIONALITY.TC_FP_007_FORGOT_PASSWORD_FUNCTIONALITY3" name="validate_without_provide_recovery_otp_fp_001" time="0.006"/>
  <testcase classname="TS_004_FORGOT_PASSWORD_FUNCTIONALITY.TC_FP_002_FORGOT_PASSWORD_FUNCTIONALITY3" name="validate_mismatch_password_fp_002" time="0.004"/>
  <testcase classname="TS_004_FORGOT_PASSWORD_FUNCTIONALITY.TC_FP_001_FORGOT_PASSWORD_FUNCTIONALITY" name="validate_invalid_credintial_forgot_password_fp_001" time="0.003"/>
  <testcase classname="TS_004_FORGOT_PASSWORD_FUNCTIONALITY.TC_FP_012_FORGOT_PASSWORD_FUNCTIONALITY5" name="validate_supported_env_012" time="0.004"/>
  <testcase classname="TS_004_FORGOT_PASSWORD_FUNCTIONALITY.TC_FP_010_FORGOT_PASSWORD_FUNCTIONALITY3" name="validate_ui_fp_010" time="0.004"/>
  <testcase classname="TS_004_FORGOT_PASSWORD_FUNCTIONALITY.TC_FP_006_FORGOT_PASSWORD_FUNCTIONALITY4" name="validate_ui_006" time="0.005"/>
  <testcase classname="TS_004_FORGOT_PASSWORD_FUNCTIONALITY.TC_FP_004_FORGOT_PASSWORD_FUNCTIONALITY2" name="validate_without_enter_both_password_fp_001" time="0.005"/>
  <testcase classname="TS_004_FORGOT_PASSWORD_FUNCTIONALITY.TC_FP_008_FORGOT_PASSWORD_FUNCTIONALITY4" name="validate_email_otp_placeholder_fp_007" time="0.005"/>
</testsuite> <!-- Test -->
