<?xml version="1.0" encoding="UTF-8"?>
<!-- Generated by org.testng.reporters.JUnitXMLReporter -->
<testsuite ignored="0" hostname="DELL" failures="0" tests="4" name="Test" time="56.359" errors="0" timestamp="2024-05-09T15:55:47 IST">
  <testcase classname="TS_008_CHANGE_PASSWORD_FUNCTIONALITY.TC_GM_006_CHANGE_PASSWORD2" name="VALIDATE_password_hide_CHANGE_PASSWORD_FUNCTIONALITY_006" time="0.017"/>
  <testcase classname="TS_008_CHANGE_PASSWORD_FUNCTIONALITY.TC_GM_008_CHANGE_PASSWORD3" name="VALIDATE_ui_CHANGE_PASSWORD_FUNCTIONALITY_008" time="0.007"/>
  <testcase classname="TS_008_CHANGE_PASSWORD_FUNCTIONALITY.TC_GM_007_CHANGE_PASSWORD2" name="VALIDATE_title_url_CHANGE_PASSWORD_FUNCTIONALITY_007" time="0.004"/>
  <testcase classname="TS_008_CHANGE_PASSWORD_FUNCTIONALITY.TC_GM_009_CHANGE_PASSWORD4" name="VALIDATE_supported_env_CHANGE_PASSWORD_FUNCTIONALITY_008" time="0.004"/>
</testsuite> <!-- Test -->
