<?xml version="1.0" encoding="UTF-8"?>
<!-- Generated by org.testng.reporters.JUnitXMLReporter -->
<testsuite ignored="0" hostname="DELL" failures="0" tests="5" name="Test" time="50.279" errors="0" timestamp="2024-05-09T14:09:30 IST">
  <testcase classname="TS_006_HOME_PAGE_FUNCTIONALITY.TC_HP_004_HOME_PAGE_FUNCTIONALITY2" name="validate_ui_home_page_tc_gm_hp_001" time="0.112"/>
  <testcase classname="TS_006_HOME_PAGE_FUNCTIONALITY.TC_HP_003_HOME_PAGE_FUNCTIONALITY2" name="validate_navigate_tO_home_page_tc_gm_hp_001" time="0.075"/>
  <testcase classname="TS_006_HOME_PAGE_FUNCTIONALITY.TC_HP_001_HOME_PAGE_FUNCTIONALITY" name="validate_navigate_TO_home_page_tc_gm_hp_001" time="0.09"/>
  <testcase classname="TS_006_HOME_PAGE_FUNCTIONALITY.TC_HP_005_HOME_PAGE_FUNCTIONALITY2" name="validate_supported_env_gm_hp_001" time="0.07"/>
  <testcase classname="TS_006_HOME_PAGE_FUNCTIONALITY.TC_HP_002_HOME_PAGE_FUNCTIONALITY2" name="validate_home_page_option_tc_gm_hp_002" time="0.092"/>
</testsuite> <!-- Test -->
