<?xml version="1.0" encoding="UTF-8"?>
<!-- Generated by org.testng.reporters.JUnitXMLReporter -->
<testsuite ignored="0" hostname="DELL" failures="0" tests="10" name="Test" time="87.771" errors="0" timestamp="2024-05-09T13:25:51 IST">
  <testcase classname="TS_002_LOGIN_FUNCTIONALITY.TC_GM_001_LOGIN_FUNCTIONALITY" name="VALIDATE_VALID_CREDENTIAL_LOGIN_001" time="0.013"/>
  <testcase classname="TS_003_LOGOUT_FUNCTIONALITY.TC_LG_003_LOGOUT_FUNCTIONALITY2" name="logout_LF_LOGOUT_OPTION_NOT_DISPLAYED" time="0.006"/>
  <testcase classname="TS_002_LOGIN_FUNCTIONALITY.TC_GM_001_LOGIN_FUNCTIONALITY" name="VALIDATE_VALID_CREDENTIAL_LOGIN_001" time="0.006"/>
  <testcase classname="TS_003_LOGOUT_FUNCTIONALITY.TC_LG_007_LOGOUT_FUNCTIONALITY2" name="validate_supported_env" time="0.006"/>
  <testcase classname="TS_002_LOGIN_FUNCTIONALITY.TC_GM_001_LOGIN_FUNCTIONALITY" name="VALIDATE_VALID_CREDENTIAL_LOGIN_001" time="0.003"/>
  <testcase classname="TS_003_LOGOUT_FUNCTIONALITY.TC_LG_006_LOGOUT_FUNCTIONALITY2" name="validate_ui" time="0.005"/>
  <testcase classname="TS_002_LOGIN_FUNCTIONALITY.TC_GM_001_LOGIN_FUNCTIONALITY" name="VALIDATE_VALID_CREDENTIAL_LOGIN_001" time="0.004"/>
  <testcase classname="TS_003_LOGOUT_FUNCTIONALITY.TC_LG_004_LOGOUT_FUNCTIONALITY2" name="logout_login_logout_immediately_after_logout" time="0.005"/>
  <testcase classname="TS_002_LOGIN_FUNCTIONALITY.TC_GM_001_LOGIN_FUNCTIONALITY" name="VALIDATE_VALID_CREDENTIAL_LOGIN_001" time="0.01"/>
  <testcase classname="TS_003_LOGOUT_FUNCTIONALITY.TC_LG_005_LOGOUT_FUNCTIONALITY2" name="logout_title_url_LOF_005" time="0.004"/>
</testsuite> <!-- Test -->
