<?xml version="1.0" encoding="UTF-8"?>
<testng-results ignored="0" total="13" passed="13" failed="0" skipped="0">
  <reporter-output>
    <line>
      <![CDATA[method namevalidate_placeholder_new_password_fp_003]]>
    </line>
    <line>
      <![CDATA[method status1]]>
    </line>
    <line>
      <![CDATA[method namevalidate_backbutton__fp_009]]>
    </line>
    <line>
      <![CDATA[method status1]]>
    </line>
    <line>
      <![CDATA[method namevalidate_invalid_credintial_forgot_password_fp_001]]>
    </line>
    <line>
      <![CDATA[method status1]]>
    </line>
    <line>
      <![CDATA[method namevalidate_title_url_fp_005]]>
    </line>
    <line>
      <![CDATA[method status1]]>
    </line>
    <line>
      <![CDATA[method namevalidate_toggle_key_password_change_fp_011]]>
    </line>
    <line>
      <![CDATA[method status1]]>
    </line>
    <line>
      <![CDATA[method namevalidate_without_provide_recovery_otp_fp_001]]>
    </line>
    <line>
      <![CDATA[method status1]]>
    </line>
    <line>
      <![CDATA[method namevalidate_mismatch_password_fp_002]]>
    </line>
    <line>
      <![CDATA[method status1]]>
    </line>
    <line>
      <![CDATA[method namevalidate_invalid_credintial_forgot_password_fp_001]]>
    </line>
    <line>
      <![CDATA[method status1]]>
    </line>
    <line>
      <![CDATA[method namevalidate_supported_env_012]]>
    </line>
    <line>
      <![CDATA[method status1]]>
    </line>
    <line>
      <![CDATA[method namevalidate_ui_fp_010]]>
    </line>
    <line>
      <![CDATA[method status1]]>
    </line>
    <line>
      <![CDATA[method namevalidate_ui_006]]>
    </line>
    <line>
      <![CDATA[method status1]]>
    </line>
    <line>
      <![CDATA[method namevalidate_without_enter_both_password_fp_001]]>
    </line>
    <line>
      <![CDATA[method status1]]>
    </line>
    <line>
      <![CDATA[method namevalidate_email_otp_placeholder_fp_007]]>
    </line>
    <line>
      <![CDATA[method status1]]>
    </line>
  </reporter-output>
  <suite started-at="2024-05-09T13:42:10 IST" name="Suite" finished-at="2024-05-09T13:44:34 IST" duration-ms="143878">
    <groups>
    </groups>
    <test started-at="2024-05-09T13:42:10 IST" name="Test" finished-at="2024-05-09T13:44:34 IST" duration-ms="143878">
      <class name="TS_004_FORGOT_PASSWORD_FUNCTIONALITY.TC_FP_001_FORGOT_PASSWORD_FUNCTIONALITY">
        <test-method is-config="true" signature="setup()[pri:0, instance:TS_004_FORGOT_PASSWORD_FUNCTIONALITY.TC_FP_001_FORGOT_PASSWORD_FUNCTIONALITY@69e1dd28]" started-at="2024-05-09T13:43:14 IST" name="setup" finished-at="2024-05-09T13:43:24 IST" duration-ms="9857" status="PASS">
          <reporter-output>
          </reporter-output>
        </test-method> <!-- setup -->
        <test-method signature="validate_invalid_credintial_forgot_password_fp_001()[pri:0, instance:TS_004_FORGOT_PASSWORD_FUNCTIONALITY.TC_FP_001_FORGOT_PASSWORD_FUNCTIONALITY@69e1dd28]" started-at="2024-05-09T13:43:24 IST" name="validate_invalid_credintial_forgot_password_fp_001" finished-at="2024-05-09T13:43:24 IST" duration-ms="3" status="PASS">
          <reporter-output>
            <line>
              <![CDATA[method namevalidate_invalid_credintial_forgot_password_fp_001]]>
            </line>
            <line>
              <![CDATA[method status1]]>
            </line>
          </reporter-output>
        </test-method> <!-- validate_invalid_credintial_forgot_password_fp_001 -->
        <test-method is-config="true" signature="teardown()[pri:0, instance:TS_004_FORGOT_PASSWORD_FUNCTIONALITY.TC_FP_001_FORGOT_PASSWORD_FUNCTIONALITY@69e1dd28]" started-at="2024-05-09T13:43:24 IST" name="teardown" finished-at="2024-05-09T13:43:24 IST" duration-ms="2" status="PASS">
          <reporter-output>
          </reporter-output>
        </test-method> <!-- teardown -->
      </class> <!-- TS_004_FORGOT_PASSWORD_FUNCTIONALITY.TC_FP_001_FORGOT_PASSWORD_FUNCTIONALITY -->
      <class name="TS_004_FORGOT_PASSWORD_FUNCTIONALITY.TC_FP_002_FORGOT_PASSWORD_FUNCTIONALITY3">
        <test-method is-config="true" signature="setup()[pri:0, instance:TS_004_FORGOT_PASSWORD_FUNCTIONALITY.TC_FP_002_FORGOT_PASSWORD_FUNCTIONALITY3@3738449f]" started-at="2024-05-09T13:43:05 IST" name="setup" finished-at="2024-05-09T13:43:14 IST" duration-ms="9302" status="PASS">
          <reporter-output>
          </reporter-output>
        </test-method> <!-- setup -->
        <test-method signature="validate_mismatch_password_fp_002()[pri:0, instance:TS_004_FORGOT_PASSWORD_FUNCTIONALITY.TC_FP_002_FORGOT_PASSWORD_FUNCTIONALITY3@3738449f]" started-at="2024-05-09T13:43:14 IST" name="validate_mismatch_password_fp_002" finished-at="2024-05-09T13:43:14 IST" duration-ms="4" status="PASS">
          <reporter-output>
            <line>
              <![CDATA[method namevalidate_mismatch_password_fp_002]]>
            </line>
            <line>
              <![CDATA[method status1]]>
            </line>
          </reporter-output>
        </test-method> <!-- validate_mismatch_password_fp_002 -->
        <test-method is-config="true" signature="teardown()[pri:0, instance:TS_004_FORGOT_PASSWORD_FUNCTIONALITY.TC_FP_002_FORGOT_PASSWORD_FUNCTIONALITY3@3738449f]" started-at="2024-05-09T13:43:14 IST" name="teardown" finished-at="2024-05-09T13:43:14 IST" duration-ms="1" status="PASS">
          <reporter-output>
          </reporter-output>
        </test-method> <!-- teardown -->
      </class> <!-- TS_004_FORGOT_PASSWORD_FUNCTIONALITY.TC_FP_002_FORGOT_PASSWORD_FUNCTIONALITY3 -->
      <class name="TS_004_FORGOT_PASSWORD_FUNCTIONALITY.TC_FP_012_FORGOT_PASSWORD_FUNCTIONALITY5">
        <test-method is-config="true" signature="setup()[pri:0, instance:TS_004_FORGOT_PASSWORD_FUNCTIONALITY.TC_FP_012_FORGOT_PASSWORD_FUNCTIONALITY5@11bd0f3b]" started-at="2024-05-09T13:43:24 IST" name="setup" finished-at="2024-05-09T13:43:34 IST" duration-ms="10220" status="PASS">
          <reporter-output>
          </reporter-output>
        </test-method> <!-- setup -->
        <test-method signature="validate_supported_env_012()[pri:0, instance:TS_004_FORGOT_PASSWORD_FUNCTIONALITY.TC_FP_012_FORGOT_PASSWORD_FUNCTIONALITY5@11bd0f3b]" started-at="2024-05-09T13:43:34 IST" name="validate_supported_env_012" finished-at="2024-05-09T13:43:34 IST" duration-ms="4" status="PASS">
          <reporter-output>
            <line>
              <![CDATA[method namevalidate_supported_env_012]]>
            </line>
            <line>
              <![CDATA[method status1]]>
            </line>
          </reporter-output>
        </test-method> <!-- validate_supported_env_012 -->
        <test-method is-config="true" signature="teardown()[pri:0, instance:TS_004_FORGOT_PASSWORD_FUNCTIONALITY.TC_FP_012_FORGOT_PASSWORD_FUNCTIONALITY5@11bd0f3b]" started-at="2024-05-09T13:43:34 IST" name="teardown" finished-at="2024-05-09T13:43:34 IST" duration-ms="1" status="PASS">
          <reporter-output>
          </reporter-output>
        </test-method> <!-- teardown -->
      </class> <!-- TS_004_FORGOT_PASSWORD_FUNCTIONALITY.TC_FP_012_FORGOT_PASSWORD_FUNCTIONALITY5 -->
      <class name="TS_004_FORGOT_PASSWORD_FUNCTIONALITY.TC_FP_004_FORGOT_PASSWORD_FUNCTIONALITY2">
        <test-method is-config="true" signature="setup()[pri:0, instance:TS_004_FORGOT_PASSWORD_FUNCTIONALITY.TC_FP_004_FORGOT_PASSWORD_FUNCTIONALITY2@1eb5174b]" started-at="2024-05-09T13:43:54 IST" name="setup" finished-at="2024-05-09T13:44:04 IST" duration-ms="10443" status="PASS">
          <reporter-output>
          </reporter-output>
        </test-method> <!-- setup -->
        <test-method signature="validate_without_enter_both_password_fp_001()[pri:0, instance:TS_004_FORGOT_PASSWORD_FUNCTIONALITY.TC_FP_004_FORGOT_PASSWORD_FUNCTIONALITY2@1eb5174b]" started-at="2024-05-09T13:44:04 IST" name="validate_without_enter_both_password_fp_001" finished-at="2024-05-09T13:44:04 IST" duration-ms="5" status="PASS">
          <reporter-output>
            <line>
              <![CDATA[method namevalidate_without_enter_both_password_fp_001]]>
            </line>
            <line>
              <![CDATA[method status1]]>
            </line>
          </reporter-output>
        </test-method> <!-- validate_without_enter_both_password_fp_001 -->
        <test-method is-config="true" signature="teardown()[pri:0, instance:TS_004_FORGOT_PASSWORD_FUNCTIONALITY.TC_FP_004_FORGOT_PASSWORD_FUNCTIONALITY2@1eb5174b]" started-at="2024-05-09T13:44:04 IST" name="teardown" finished-at="2024-05-09T13:44:04 IST" duration-ms="1" status="PASS">
          <reporter-output>
          </reporter-output>
        </test-method> <!-- teardown -->
      </class> <!-- TS_004_FORGOT_PASSWORD_FUNCTIONALITY.TC_FP_004_FORGOT_PASSWORD_FUNCTIONALITY2 -->
      <class name="TS_004_FORGOT_PASSWORD_FUNCTIONALITY.TC_FP_010_FORGOT_PASSWORD_FUNCTIONALITY3">
        <test-method is-config="true" signature="setup()[pri:0, instance:TS_004_FORGOT_PASSWORD_FUNCTIONALITY.TC_FP_010_FORGOT_PASSWORD_FUNCTIONALITY3@c333c60]" started-at="2024-05-09T13:43:34 IST" name="setup" finished-at="2024-05-09T13:43:43 IST" duration-ms="9487" status="PASS">
          <reporter-output>
          </reporter-output>
        </test-method> <!-- setup -->
        <test-method signature="validate_ui_fp_010()[pri:0, instance:TS_004_FORGOT_PASSWORD_FUNCTIONALITY.TC_FP_010_FORGOT_PASSWORD_FUNCTIONALITY3@c333c60]" started-at="2024-05-09T13:43:43 IST" name="validate_ui_fp_010" finished-at="2024-05-09T13:43:43 IST" duration-ms="4" status="PASS">
          <reporter-output>
            <line>
              <![CDATA[method namevalidate_ui_fp_010]]>
            </line>
            <line>
              <![CDATA[method status1]]>
            </line>
          </reporter-output>
        </test-method> <!-- validate_ui_fp_010 -->
        <test-method is-config="true" signature="teardown()[pri:0, instance:TS_004_FORGOT_PASSWORD_FUNCTIONALITY.TC_FP_010_FORGOT_PASSWORD_FUNCTIONALITY3@c333c60]" started-at="2024-05-09T13:43:43 IST" name="teardown" finished-at="2024-05-09T13:43:43 IST" duration-ms="0" status="PASS">
          <reporter-output>
          </reporter-output>
        </test-method> <!-- teardown -->
      </class> <!-- TS_004_FORGOT_PASSWORD_FUNCTIONALITY.TC_FP_010_FORGOT_PASSWORD_FUNCTIONALITY3 -->
      <class name="TS_004_FORGOT_PASSWORD_FUNCTIONALITY.TC_FP_006_FORGOT_PASSWORD_FUNCTIONALITY4">
        <test-method is-config="true" signature="setup()[pri:0, instance:TS_004_FORGOT_PASSWORD_FUNCTIONALITY.TC_FP_006_FORGOT_PASSWORD_FUNCTIONALITY4@79da8dc5]" started-at="2024-05-09T13:43:43 IST" name="setup" finished-at="2024-05-09T13:43:54 IST" duration-ms="10398" status="PASS">
          <reporter-output>
          </reporter-output>
        </test-method> <!-- setup -->
        <test-method signature="validate_ui_006()[pri:0, instance:TS_004_FORGOT_PASSWORD_FUNCTIONALITY.TC_FP_006_FORGOT_PASSWORD_FUNCTIONALITY4@79da8dc5]" started-at="2024-05-09T13:43:54 IST" name="validate_ui_006" finished-at="2024-05-09T13:43:54 IST" duration-ms="5" status="PASS">
          <reporter-output>
            <line>
              <![CDATA[method namevalidate_ui_006]]>
            </line>
            <line>
              <![CDATA[method status1]]>
            </line>
          </reporter-output>
        </test-method> <!-- validate_ui_006 -->
        <test-method is-config="true" signature="teardown()[pri:0, instance:TS_004_FORGOT_PASSWORD_FUNCTIONALITY.TC_FP_006_FORGOT_PASSWORD_FUNCTIONALITY4@79da8dc5]" started-at="2024-05-09T13:43:54 IST" name="teardown" finished-at="2024-05-09T13:43:54 IST" duration-ms="3" status="PASS">
          <reporter-output>
          </reporter-output>
        </test-method> <!-- teardown -->
      </class> <!-- TS_004_FORGOT_PASSWORD_FUNCTIONALITY.TC_FP_006_FORGOT_PASSWORD_FUNCTIONALITY4 -->
      <class name="TS_004_FORGOT_PASSWORD_FUNCTIONALITY.TC_FP_008_FORGOT_PASSWORD_FUNCTIONALITY4">
        <test-method is-config="true" signature="setup()[pri:0, instance:TS_004_FORGOT_PASSWORD_FUNCTIONALITY.TC_FP_008_FORGOT_PASSWORD_FUNCTIONALITY4@67080771]" started-at="2024-05-09T13:44:04 IST" name="setup" finished-at="2024-05-09T13:44:34 IST" duration-ms="29737" status="PASS">
          <reporter-output>
          </reporter-output>
        </test-method> <!-- setup -->
        <test-method signature="validate_email_otp_placeholder_fp_007()[pri:0, instance:TS_004_FORGOT_PASSWORD_FUNCTIONALITY.TC_FP_008_FORGOT_PASSWORD_FUNCTIONALITY4@67080771]" started-at="2024-05-09T13:44:34 IST" name="validate_email_otp_placeholder_fp_007" finished-at="2024-05-09T13:44:34 IST" duration-ms="5" status="PASS">
          <reporter-output>
            <line>
              <![CDATA[method namevalidate_email_otp_placeholder_fp_007]]>
            </line>
            <line>
              <![CDATA[method status1]]>
            </line>
          </reporter-output>
        </test-method> <!-- validate_email_otp_placeholder_fp_007 -->
        <test-method is-config="true" signature="teardown()[pri:0, instance:TS_004_FORGOT_PASSWORD_FUNCTIONALITY.TC_FP_008_FORGOT_PASSWORD_FUNCTIONALITY4@67080771]" started-at="2024-05-09T13:44:34 IST" name="teardown" finished-at="2024-05-09T13:44:34 IST" duration-ms="2" status="PASS">
          <reporter-output>
          </reporter-output>
        </test-method> <!-- teardown -->
      </class> <!-- TS_004_FORGOT_PASSWORD_FUNCTIONALITY.TC_FP_008_FORGOT_PASSWORD_FUNCTIONALITY4 -->
      <class name="TS_004_FORGOT_PASSWORD_FUNCTIONALITY.TC_FP_003_FORGOT_PASSWORD_FUNCTIONALITY4">
        <test-method is-config="true" signature="setup()[pri:0, instance:TS_004_FORGOT_PASSWORD_FUNCTIONALITY.TC_FP_003_FORGOT_PASSWORD_FUNCTIONALITY4@5939a379]" started-at="2024-05-09T13:42:10 IST" name="setup" finished-at="2024-05-09T13:42:19 IST" duration-ms="8952" status="PASS">
          <reporter-output>
          </reporter-output>
        </test-method> <!-- setup -->
        <test-method signature="validate_placeholder_new_password_fp_003()[pri:0, instance:TS_004_FORGOT_PASSWORD_FUNCTIONALITY.TC_FP_003_FORGOT_PASSWORD_FUNCTIONALITY4@5939a379]" started-at="2024-05-09T13:42:19 IST" name="validate_placeholder_new_password_fp_003" finished-at="2024-05-09T13:42:19 IST" duration-ms="26" status="PASS">
          <reporter-output>
            <line>
              <![CDATA[method namevalidate_placeholder_new_password_fp_003]]>
            </line>
            <line>
              <![CDATA[method status1]]>
            </line>
          </reporter-output>
        </test-method> <!-- validate_placeholder_new_password_fp_003 -->
        <test-method is-config="true" signature="teardown()[pri:0, instance:TS_004_FORGOT_PASSWORD_FUNCTIONALITY.TC_FP_003_FORGOT_PASSWORD_FUNCTIONALITY4@5939a379]" started-at="2024-05-09T13:42:19 IST" name="teardown" finished-at="2024-05-09T13:42:19 IST" duration-ms="2" status="PASS">
          <reporter-output>
          </reporter-output>
        </test-method> <!-- teardown -->
      </class> <!-- TS_004_FORGOT_PASSWORD_FUNCTIONALITY.TC_FP_003_FORGOT_PASSWORD_FUNCTIONALITY4 -->
      <class name="TS_004_FORGOT_PASSWORD_FUNCTIONALITY.TC_FP_013_FORGOT_PASSWORD_FUNCTIONALITY2">
        <test-method is-config="true" signature="setup()[pri:0, instance:TS_004_FORGOT_PASSWORD_FUNCTIONALITY.TC_FP_013_FORGOT_PASSWORD_FUNCTIONALITY2@2e55dd0c]" started-at="2024-05-09T13:42:28 IST" name="setup" finished-at="2024-05-09T13:42:37 IST" duration-ms="9172" status="PASS">
          <reporter-output>
          </reporter-output>
        </test-method> <!-- setup -->
        <test-method signature="validate_invalid_credintial_forgot_password_fp_001()[pri:0, instance:TS_004_FORGOT_PASSWORD_FUNCTIONALITY.TC_FP_013_FORGOT_PASSWORD_FUNCTIONALITY2@2e55dd0c]" started-at="2024-05-09T13:42:37 IST" name="validate_invalid_credintial_forgot_password_fp_001" finished-at="2024-05-09T13:42:37 IST" duration-ms="3" status="PASS">
          <reporter-output>
            <line>
              <![CDATA[method namevalidate_invalid_credintial_forgot_password_fp_001]]>
            </line>
            <line>
              <![CDATA[method status1]]>
            </line>
          </reporter-output>
        </test-method> <!-- validate_invalid_credintial_forgot_password_fp_001 -->
        <test-method is-config="true" signature="teardown()[pri:0, instance:TS_004_FORGOT_PASSWORD_FUNCTIONALITY.TC_FP_013_FORGOT_PASSWORD_FUNCTIONALITY2@2e55dd0c]" started-at="2024-05-09T13:42:37 IST" name="teardown" finished-at="2024-05-09T13:42:37 IST" duration-ms="0" status="PASS">
          <reporter-output>
          </reporter-output>
        </test-method> <!-- teardown -->
      </class> <!-- TS_004_FORGOT_PASSWORD_FUNCTIONALITY.TC_FP_013_FORGOT_PASSWORD_FUNCTIONALITY2 -->
      <class name="TS_004_FORGOT_PASSWORD_FUNCTIONALITY.TC_FP_011_FORGOT_PASSWORD_FUNCTIONALITY3">
        <test-method is-config="true" signature="setup()[pri:0, instance:TS_004_FORGOT_PASSWORD_FUNCTIONALITY.TC_FP_011_FORGOT_PASSWORD_FUNCTIONALITY3@e7edb54]" started-at="2024-05-09T13:42:46 IST" name="setup" finished-at="2024-05-09T13:42:54 IST" duration-ms="8233" status="PASS">
          <reporter-output>
          </reporter-output>
        </test-method> <!-- setup -->
        <test-method signature="validate_toggle_key_password_change_fp_011()[pri:0, instance:TS_004_FORGOT_PASSWORD_FUNCTIONALITY.TC_FP_011_FORGOT_PASSWORD_FUNCTIONALITY3@e7edb54]" started-at="2024-05-09T13:42:54 IST" name="validate_toggle_key_password_change_fp_011" finished-at="2024-05-09T13:42:54 IST" duration-ms="6" status="PASS">
          <reporter-output>
            <line>
              <![CDATA[method namevalidate_toggle_key_password_change_fp_011]]>
            </line>
            <line>
              <![CDATA[method status1]]>
            </line>
          </reporter-output>
        </test-method> <!-- validate_toggle_key_password_change_fp_011 -->
        <test-method is-config="true" signature="teardown()[pri:0, instance:TS_004_FORGOT_PASSWORD_FUNCTIONALITY.TC_FP_011_FORGOT_PASSWORD_FUNCTIONALITY3@e7edb54]" started-at="2024-05-09T13:42:54 IST" name="teardown" finished-at="2024-05-09T13:42:54 IST" duration-ms="2" status="PASS">
          <reporter-output>
          </reporter-output>
        </test-method> <!-- teardown -->
      </class> <!-- TS_004_FORGOT_PASSWORD_FUNCTIONALITY.TC_FP_011_FORGOT_PASSWORD_FUNCTIONALITY3 -->
      <class name="TS_004_FORGOT_PASSWORD_FUNCTIONALITY.TC_FP_005_FORGOT_PASSWORD_FUNCTIONALITY3">
        <test-method is-config="true" signature="setup()[pri:0, instance:TS_004_FORGOT_PASSWORD_FUNCTIONALITY.TC_FP_005_FORGOT_PASSWORD_FUNCTIONALITY3@74455848]" started-at="2024-05-09T13:42:37 IST" name="setup" finished-at="2024-05-09T13:42:46 IST" duration-ms="9494" status="PASS">
          <reporter-output>
          </reporter-output>
        </test-method> <!-- setup -->
        <test-method signature="validate_title_url_fp_005()[pri:0, instance:TS_004_FORGOT_PASSWORD_FUNCTIONALITY.TC_FP_005_FORGOT_PASSWORD_FUNCTIONALITY3@74455848]" started-at="2024-05-09T13:42:46 IST" name="validate_title_url_fp_005" finished-at="2024-05-09T13:42:46 IST" duration-ms="6" status="PASS">
          <reporter-output>
            <line>
              <![CDATA[method namevalidate_title_url_fp_005]]>
            </line>
            <line>
              <![CDATA[method status1]]>
            </line>
          </reporter-output>
        </test-method> <!-- validate_title_url_fp_005 -->
        <test-method is-config="true" signature="teardown()[pri:0, instance:TS_004_FORGOT_PASSWORD_FUNCTIONALITY.TC_FP_005_FORGOT_PASSWORD_FUNCTIONALITY3@74455848]" started-at="2024-05-09T13:42:46 IST" name="teardown" finished-at="2024-05-09T13:42:46 IST" duration-ms="1" status="PASS">
          <reporter-output>
          </reporter-output>
        </test-method> <!-- teardown -->
      </class> <!-- TS_004_FORGOT_PASSWORD_FUNCTIONALITY.TC_FP_005_FORGOT_PASSWORD_FUNCTIONALITY3 -->
      <class name="TS_004_FORGOT_PASSWORD_FUNCTIONALITY.TC_FP_009_FORGOT_PASSWORD_FUNCTIONALITY3">
        <test-method is-config="true" signature="setup()[pri:0, instance:TS_004_FORGOT_PASSWORD_FUNCTIONALITY.TC_FP_009_FORGOT_PASSWORD_FUNCTIONALITY3@2cd2a21f]" started-at="2024-05-09T13:42:19 IST" name="setup" finished-at="2024-05-09T13:42:28 IST" duration-ms="8311" status="PASS">
          <reporter-output>
          </reporter-output>
        </test-method> <!-- setup -->
        <test-method signature="validate_backbutton__fp_009()[pri:0, instance:TS_004_FORGOT_PASSWORD_FUNCTIONALITY.TC_FP_009_FORGOT_PASSWORD_FUNCTIONALITY3@2cd2a21f]" started-at="2024-05-09T13:42:28 IST" name="validate_backbutton__fp_009" finished-at="2024-05-09T13:42:28 IST" duration-ms="6" status="PASS">
          <reporter-output>
            <line>
              <![CDATA[method namevalidate_backbutton__fp_009]]>
            </line>
            <line>
              <![CDATA[method status1]]>
            </line>
          </reporter-output>
        </test-method> <!-- validate_backbutton__fp_009 -->
        <test-method is-config="true" signature="teardown()[pri:0, instance:TS_004_FORGOT_PASSWORD_FUNCTIONALITY.TC_FP_009_FORGOT_PASSWORD_FUNCTIONALITY3@2cd2a21f]" started-at="2024-05-09T13:42:28 IST" name="teardown" finished-at="2024-05-09T13:42:28 IST" duration-ms="1" status="PASS">
          <reporter-output>
          </reporter-output>
        </test-method> <!-- teardown -->
      </class> <!-- TS_004_FORGOT_PASSWORD_FUNCTIONALITY.TC_FP_009_FORGOT_PASSWORD_FUNCTIONALITY3 -->
      <class name="TS_004_FORGOT_PASSWORD_FUNCTIONALITY.TC_FP_007_FORGOT_PASSWORD_FUNCTIONALITY3">
        <test-method is-config="true" signature="setup()[pri:0, instance:TS_004_FORGOT_PASSWORD_FUNCTIONALITY.TC_FP_007_FORGOT_PASSWORD_FUNCTIONALITY3@378542de]" started-at="2024-05-09T13:42:54 IST" name="setup" finished-at="2024-05-09T13:43:04 IST" duration-ms="10012" status="PASS">
          <reporter-output>
          </reporter-output>
        </test-method> <!-- setup -->
        <test-method signature="validate_without_provide_recovery_otp_fp_001()[pri:0, instance:TS_004_FORGOT_PASSWORD_FUNCTIONALITY.TC_FP_007_FORGOT_PASSWORD_FUNCTIONALITY3@378542de]" started-at="2024-05-09T13:43:04 IST" name="validate_without_provide_recovery_otp_fp_001" finished-at="2024-05-09T13:43:04 IST" duration-ms="6" status="PASS">
          <reporter-output>
            <line>
              <![CDATA[method namevalidate_without_provide_recovery_otp_fp_001]]>
            </line>
            <line>
              <![CDATA[method status1]]>
            </line>
          </reporter-output>
        </test-method> <!-- validate_without_provide_recovery_otp_fp_001 -->
        <test-method is-config="true" signature="teardown()[pri:0, instance:TS_004_FORGOT_PASSWORD_FUNCTIONALITY.TC_FP_007_FORGOT_PASSWORD_FUNCTIONALITY3@378542de]" started-at="2024-05-09T13:43:04 IST" name="teardown" finished-at="2024-05-09T13:43:05 IST" duration-ms="2" status="PASS">
          <reporter-output>
          </reporter-output>
        </test-method> <!-- teardown -->
      </class> <!-- TS_004_FORGOT_PASSWORD_FUNCTIONALITY.TC_FP_007_FORGOT_PASSWORD_FUNCTIONALITY3 -->
    </test> <!-- Test -->
  </suite> <!-- Suite -->
</testng-results>
