<?xml version="1.0" encoding="UTF-8"?>
<testng-results ignored="0" total="1" passed="0" failed="1" skipped="0">
  <reporter-output>
    <line>
      <![CDATA[method nameValidate_without_enter_start_point_tc_gm_ldp_008]]>
    </line>
  </reporter-output>
  <suite started-at="2024-05-09T14:40:25 IST" name="Suite" finished-at="2024-05-09T14:40:39 IST" duration-ms="14001">
    <groups>
    </groups>
    <test started-at="2024-05-09T14:40:25 IST" name="Test" finished-at="2024-05-09T14:40:39 IST" duration-ms="14001">
      <class name="TS_007_LOCATION_DISPLAY_PAGE_FUNCTIONALITY.TC_LDP_008_gm_location_display_functionality4">
        <test-method is-config="true" signature="setup()[pri:0, instance:TS_007_LOCATION_DISPLAY_PAGE_FUNCTIONALITY.TC_LDP_008_gm_location_display_functionality4@1fb700ee]" started-at="2024-05-09T14:40:25 IST" name="setup" finished-at="2024-05-09T14:40:34 IST" duration-ms="9151" status="PASS">
          <reporter-output>
          </reporter-output>
        </test-method> <!-- setup -->
        <test-method signature="Validate_without_enter_start_point_tc_gm_ldp_008()[pri:0, instance:TS_007_LOCATION_DISPLAY_PAGE_FUNCTIONALITY.TC_LDP_008_gm_location_display_functionality4@1fb700ee]" started-at="2024-05-09T14:40:34 IST" name="Validate_without_enter_start_point_tc_gm_ldp_008" finished-at="2024-05-09T14:40:38 IST" duration-ms="4357" status="FAIL">
          <exception class="org.openqa.selenium.NoSuchElementException">
            <message>
              <![CDATA[no such element: Unable to locate element: {"method":"xpath","selector":"direction_button_gm_ldp_004"}
  (Session info: MicrosoftEdge=124.0.2478.80)
For documentation on this error, please visit: https://www.selenium.dev/documentation/webdriver/troubleshooting/errors#no-such-element-exception
Build info: version: '4.19.1', revision: 'abe0ee07dc'
System info: os.name: 'Windows 11', os.arch: 'amd64', os.version: '10.0', java.version: '21.0.2'
Driver info: org.openqa.selenium.edge.EdgeDriver
Command: [7e222eefa31b7f88d24c0cfe5f123f63, findElement {using=xpath, value=direction_button_gm_ldp_004}]
Capabilities {acceptInsecureCerts: false, browserName: MicrosoftEdge, browserVersion: 124.0.2478.80, fedcm:accounts: true, ms:edgeOptions: {debuggerAddress: localhost:50569}, msedge: {msedgedriverVersion: 124.0.2478.80 (b05b378d1705..., userDataDir: C:\Users\amits\AppData\Loca...}, networkConnectionEnabled: false, pageLoadStrategy: normal, platformName: windows, proxy: Proxy(), se:cdp: ws://localhost:50569/devtoo..., se:cdpVersion: 124.0.2478.80, setWindowRect: true, strictFileInteractability: false, timeouts: {implicit: 0, pageLoad: 300000, script: 30000}, unhandledPromptBehavior: dismiss and notify, webauthn:extension:credBlob: true, webauthn:extension:largeBlob: true, webauthn:extension:minPinLength: true, webauthn:extension:prf: true, webauthn:virtualAuthenticators: true}
Session ID: 7e222eefa31b7f88d24c0cfe5f123f63]]>
            </message>
            <full-stacktrace>
              <![CDATA[org.openqa.selenium.NoSuchElementException: no such element: Unable to locate element: {"method":"xpath","selector":"direction_button_gm_ldp_004"}
  (Session info: MicrosoftEdge=124.0.2478.80)
For documentation on this error, please visit: https://www.selenium.dev/documentation/webdriver/troubleshooting/errors#no-such-element-exception
Build info: version: '4.19.1', revision: 'abe0ee07dc'
System info: os.name: 'Windows 11', os.arch: 'amd64', os.version: '10.0', java.version: '21.0.2'
Driver info: org.openqa.selenium.edge.EdgeDriver
Command: [7e222eefa31b7f88d24c0cfe5f123f63, findElement {using=xpath, value=direction_button_gm_ldp_004}]
Capabilities {acceptInsecureCerts: false, browserName: MicrosoftEdge, browserVersion: 124.0.2478.80, fedcm:accounts: true, ms:edgeOptions: {debuggerAddress: localhost:50569}, msedge: {msedgedriverVersion: 124.0.2478.80 (b05b378d1705..., userDataDir: C:\Users\amits\AppData\Loca...}, networkConnectionEnabled: false, pageLoadStrategy: normal, platformName: windows, proxy: Proxy(), se:cdp: ws://localhost:50569/devtoo..., se:cdpVersion: 124.0.2478.80, setWindowRect: true, strictFileInteractability: false, timeouts: {implicit: 0, pageLoad: 300000, script: 30000}, unhandledPromptBehavior: dismiss and notify, webauthn:extension:credBlob: true, webauthn:extension:largeBlob: true, webauthn:extension:minPinLength: true, webauthn:extension:prf: true, webauthn:virtualAuthenticators: true}
Session ID: 7e222eefa31b7f88d24c0cfe5f123f63
at java.base/jdk.internal.reflect.DirectConstructorHandleAccessor.newInstance(DirectConstructorHandleAccessor.java:62)
at java.base/java.lang.reflect.Constructor.newInstanceWithCaller(Constructor.java:502)
at java.base/java.lang.reflect.Constructor.newInstance(Constructor.java:486)
at org.openqa.selenium.remote.ErrorCodec.decode(ErrorCodec.java:167)
at org.openqa.selenium.remote.codec.w3c.W3CHttpResponseCodec.decode(W3CHttpResponseCodec.java:138)
at org.openqa.selenium.remote.codec.w3c.W3CHttpResponseCodec.decode(W3CHttpResponseCodec.java:50)
at org.openqa.selenium.remote.HttpCommandExecutor.execute(HttpCommandExecutor.java:190)
at org.openqa.selenium.remote.service.DriverCommandExecutor.invokeExecute(DriverCommandExecutor.java:216)
at org.openqa.selenium.remote.service.DriverCommandExecutor.execute(DriverCommandExecutor.java:174)
at org.openqa.selenium.remote.RemoteWebDriver.execute(RemoteWebDriver.java:518)
at org.openqa.selenium.remote.ElementLocation$ElementFinder$2.findElement(ElementLocation.java:165)
at org.openqa.selenium.remote.ElementLocation.findElement(ElementLocation.java:59)
at org.openqa.selenium.remote.RemoteWebDriver.findElement(RemoteWebDriver.java:355)
at org.openqa.selenium.remote.RemoteWebDriver.findElement(RemoteWebDriver.java:349)
at TS_007_LOCATION_DISPLAY_PAGE_FUNCTIONALITY.TC_LDP_008_gm_location_display_functionality4.Validate_without_enter_start_point_tc_gm_ldp_008(TC_LDP_008_gm_location_display_functionality4.java:28)
at java.base/jdk.internal.reflect.DirectMethodHandleAccessor.invoke(DirectMethodHandleAccessor.java:103)
at java.base/java.lang.reflect.Method.invoke(Method.java:580)
at org.testng.internal.MethodInvocationHelper.invokeMethod(MethodInvocationHelper.java:133)
at org.testng.internal.TestInvoker.invokeMethod(TestInvoker.java:598)
at org.testng.internal.TestInvoker.invokeTestMethod(TestInvoker.java:173)
at org.testng.internal.MethodRunner.runInSequence(MethodRunner.java:46)
at org.testng.internal.TestInvoker$MethodInvocationAgent.invoke(TestInvoker.java:824)
at org.testng.internal.TestInvoker.invokeTestMethods(TestInvoker.java:146)
at org.testng.internal.TestMethodWorker.invokeTestMethods(TestMethodWorker.java:146)
at org.testng.internal.TestMethodWorker.run(TestMethodWorker.java:128)
at java.base/java.util.ArrayList.forEach(ArrayList.java:1596)
at org.testng.TestRunner.privateRun(TestRunner.java:794)
at org.testng.TestRunner.run(TestRunner.java:596)
at org.testng.SuiteRunner.runTest(SuiteRunner.java:377)
at org.testng.SuiteRunner.runSequentially(SuiteRunner.java:371)
at org.testng.SuiteRunner.privateRun(SuiteRunner.java:332)
at org.testng.SuiteRunner.run(SuiteRunner.java:276)
at org.testng.SuiteRunnerWorker.runSuite(SuiteRunnerWorker.java:53)
at org.testng.SuiteRunnerWorker.run(SuiteRunnerWorker.java:96)
at org.testng.TestNG.runSuitesSequentially(TestNG.java:1212)
at org.testng.TestNG.runSuitesLocally(TestNG.java:1134)
at org.testng.TestNG.runSuites(TestNG.java:1063)
at org.testng.TestNG.run(TestNG.java:1031)
at org.testng.remote.AbstractRemoteTestNG.run(AbstractRemoteTestNG.java:115)
at org.testng.remote.RemoteTestNG.initAndRun(RemoteTestNG.java:293)
at org.testng.remote.RemoteTestNG.main(RemoteTestNG.java:91)
]]>
            </full-stacktrace>
          </exception> <!-- org.openqa.selenium.NoSuchElementException -->
          <reporter-output>
            <line>
              <![CDATA[method nameValidate_without_enter_start_point_tc_gm_ldp_008]]>
            </line>
          </reporter-output>
        </test-method> <!-- Validate_without_enter_start_point_tc_gm_ldp_008 -->
        <test-method is-config="true" signature="teardown()[pri:0, instance:TS_007_LOCATION_DISPLAY_PAGE_FUNCTIONALITY.TC_LDP_008_gm_location_display_functionality4@1fb700ee]" started-at="2024-05-09T14:40:39 IST" name="teardown" finished-at="2024-05-09T14:40:39 IST" duration-ms="0" status="PASS">
          <reporter-output>
          </reporter-output>
        </test-method> <!-- teardown -->
      </class> <!-- TS_007_LOCATION_DISPLAY_PAGE_FUNCTIONALITY.TC_LDP_008_gm_location_display_functionality4 -->
    </test> <!-- Test -->
  </suite> <!-- Suite -->
</testng-results>
