<?xml version="1.0" encoding="UTF-8"?>
<testng-results ignored="0" total="9" passed="9" failed="0" skipped="0">
  <reporter-output>
    <line>
      <![CDATA[method nameValidate_travelling_options_tc_gm_ldp_009]]>
    </line>
    <line>
      <![CDATA[method status1]]>
    </line>
    <line>
      <![CDATA[method nameValidate_ui_tc_gm_ldp_0012]]>
    </line>
    <line>
      <![CDATA[method status1]]>
    </line>
    <line>
      <![CDATA[method nameValidate_click_on_layers_in_display_tc_gm_ldp_016]]>
    </line>
    <line>
      <![CDATA[method status1]]>
    </line>
    <line>
      <![CDATA[method nameValidate_click_on_restorents_display_tc_gm_ldp_017]]>
    </line>
    <line>
      <![CDATA[method status1]]>
    </line>
    <line>
      <![CDATA[method nameValidate_click_on_zoom_in_display_tc_gm_ldp_015]]>
    </line>
    <line>
      <![CDATA[method status1]]>
    </line>
    <line>
      <![CDATA[method nameValidate_title_url_tc_gm_ldp_011]]>
    </line>
    <line>
      <![CDATA[method status1]]>
    </line>
    <line>
      <![CDATA[method nameValidate_root_options_tc_gm_ldp_0010]]>
    </line>
    <line>
      <![CDATA[method status1]]>
    </line>
    <line>
      <![CDATA[method nameValidate_supported_env_tc_gm_ldp_013]]>
    </line>
    <line>
      <![CDATA[method status1]]>
    </line>
    <line>
      <![CDATA[method nameValidate_images_gm_ldp_014]]>
    </line>
    <line>
      <![CDATA[method status1]]>
    </line>
  </reporter-output>
  <suite started-at="2024-05-09T15:00:09 IST" name="Suite" finished-at="2024-05-09T15:01:55 IST" duration-ms="106598">
    <groups>
    </groups>
    <test started-at="2024-05-09T15:00:09 IST" name="Test" finished-at="2024-05-09T15:01:55 IST" duration-ms="106598">
      <class name="TS_007_LOCATION_DISPLAY_PAGE_FUNCTIONALITY.TC_LDP_010_gm_location_display_functionality5">
        <test-method is-config="true" signature="setup()[pri:0, instance:TS_007_LOCATION_DISPLAY_PAGE_FUNCTIONALITY.TC_LDP_010_gm_location_display_functionality5@3e6ef8ad]" started-at="2024-05-09T15:01:13 IST" name="setup" finished-at="2024-05-09T15:01:27 IST" duration-ms="14762" status="PASS">
          <reporter-output>
          </reporter-output>
        </test-method> <!-- setup -->
        <test-method signature="Validate_root_options_tc_gm_ldp_0010()[pri:0, instance:TS_007_LOCATION_DISPLAY_PAGE_FUNCTIONALITY.TC_LDP_010_gm_location_display_functionality5@3e6ef8ad]" started-at="2024-05-09T15:01:27 IST" name="Validate_root_options_tc_gm_ldp_0010" finished-at="2024-05-09T15:01:27 IST" duration-ms="4" status="PASS">
          <reporter-output>
            <line>
              <![CDATA[method nameValidate_root_options_tc_gm_ldp_0010]]>
            </line>
            <line>
              <![CDATA[method status1]]>
            </line>
          </reporter-output>
        </test-method> <!-- Validate_root_options_tc_gm_ldp_0010 -->
        <test-method is-config="true" signature="teardown()[pri:0, instance:TS_007_LOCATION_DISPLAY_PAGE_FUNCTIONALITY.TC_LDP_010_gm_location_display_functionality5@3e6ef8ad]" started-at="2024-05-09T15:01:27 IST" name="teardown" finished-at="2024-05-09T15:01:27 IST" duration-ms="0" status="PASS">
          <reporter-output>
          </reporter-output>
        </test-method> <!-- teardown -->
      </class> <!-- TS_007_LOCATION_DISPLAY_PAGE_FUNCTIONALITY.TC_LDP_010_gm_location_display_functionality5 -->
      <class name="TS_007_LOCATION_DISPLAY_PAGE_FUNCTIONALITY.TC_LDP_013_gm_location_display_functionality5">
        <test-method is-config="true" signature="setup()[pri:0, instance:TS_007_LOCATION_DISPLAY_PAGE_FUNCTIONALITY.TC_LDP_013_gm_location_display_functionality5@346d61be]" started-at="2024-05-09T15:01:27 IST" name="setup" finished-at="2024-05-09T15:01:38 IST" duration-ms="11090" status="PASS">
          <reporter-output>
          </reporter-output>
        </test-method> <!-- setup -->
        <test-method signature="Validate_supported_env_tc_gm_ldp_013()[pri:0, instance:TS_007_LOCATION_DISPLAY_PAGE_FUNCTIONALITY.TC_LDP_013_gm_location_display_functionality5@346d61be]" started-at="2024-05-09T15:01:38 IST" name="Validate_supported_env_tc_gm_ldp_013" finished-at="2024-05-09T15:01:38 IST" duration-ms="2" status="PASS">
          <reporter-output>
            <line>
              <![CDATA[method nameValidate_supported_env_tc_gm_ldp_013]]>
            </line>
            <line>
              <![CDATA[method status1]]>
            </line>
          </reporter-output>
        </test-method> <!-- Validate_supported_env_tc_gm_ldp_013 -->
        <test-method is-config="true" signature="teardown()[pri:0, instance:TS_007_LOCATION_DISPLAY_PAGE_FUNCTIONALITY.TC_LDP_013_gm_location_display_functionality5@346d61be]" started-at="2024-05-09T15:01:38 IST" name="teardown" finished-at="2024-05-09T15:01:38 IST" duration-ms="1" status="PASS">
          <reporter-output>
          </reporter-output>
        </test-method> <!-- teardown -->
      </class> <!-- TS_007_LOCATION_DISPLAY_PAGE_FUNCTIONALITY.TC_LDP_013_gm_location_display_functionality5 -->
      <class name="TS_007_LOCATION_DISPLAY_PAGE_FUNCTIONALITY.TC_LDP_012_gm_location_display_functionality4">
        <test-method is-config="true" signature="setup()[pri:0, instance:TS_007_LOCATION_DISPLAY_PAGE_FUNCTIONALITY.TC_LDP_012_gm_location_display_functionality4@10959ece]" started-at="2024-05-09T15:00:18 IST" name="setup" finished-at="2024-05-09T15:00:25 IST" duration-ms="7616" status="PASS">
          <reporter-output>
          </reporter-output>
        </test-method> <!-- setup -->
        <test-method signature="Validate_ui_tc_gm_ldp_0012()[pri:0, instance:TS_007_LOCATION_DISPLAY_PAGE_FUNCTIONALITY.TC_LDP_012_gm_location_display_functionality4@10959ece]" started-at="2024-05-09T15:00:25 IST" name="Validate_ui_tc_gm_ldp_0012" finished-at="2024-05-09T15:00:25 IST" duration-ms="2" status="PASS">
          <reporter-output>
            <line>
              <![CDATA[method nameValidate_ui_tc_gm_ldp_0012]]>
            </line>
            <line>
              <![CDATA[method status1]]>
            </line>
          </reporter-output>
        </test-method> <!-- Validate_ui_tc_gm_ldp_0012 -->
        <test-method is-config="true" signature="teardown()[pri:0, instance:TS_007_LOCATION_DISPLAY_PAGE_FUNCTIONALITY.TC_LDP_012_gm_location_display_functionality4@10959ece]" started-at="2024-05-09T15:00:25 IST" name="teardown" finished-at="2024-05-09T15:00:25 IST" duration-ms="0" status="PASS">
          <reporter-output>
          </reporter-output>
        </test-method> <!-- teardown -->
      </class> <!-- TS_007_LOCATION_DISPLAY_PAGE_FUNCTIONALITY.TC_LDP_012_gm_location_display_functionality4 -->
      <class name="TS_007_LOCATION_DISPLAY_PAGE_FUNCTIONALITY.TC_LDP_017_gm_location_display_functionality5">
        <test-method is-config="true" signature="setup()[pri:0, instance:TS_007_LOCATION_DISPLAY_PAGE_FUNCTIONALITY.TC_LDP_017_gm_location_display_functionality5@34f7cfd9]" started-at="2024-05-09T15:00:36 IST" name="setup" finished-at="2024-05-09T15:00:48 IST" duration-ms="11486" status="PASS">
          <reporter-output>
          </reporter-output>
        </test-method> <!-- setup -->
        <test-method signature="Validate_click_on_restorents_display_tc_gm_ldp_017()[pri:0, instance:TS_007_LOCATION_DISPLAY_PAGE_FUNCTIONALITY.TC_LDP_017_gm_location_display_functionality5@34f7cfd9]" started-at="2024-05-09T15:00:48 IST" name="Validate_click_on_restorents_display_tc_gm_ldp_017" finished-at="2024-05-09T15:00:48 IST" duration-ms="9" status="PASS">
          <reporter-output>
            <line>
              <![CDATA[method nameValidate_click_on_restorents_display_tc_gm_ldp_017]]>
            </line>
            <line>
              <![CDATA[method status1]]>
            </line>
          </reporter-output>
        </test-method> <!-- Validate_click_on_restorents_display_tc_gm_ldp_017 -->
        <test-method is-config="true" signature="teardown()[pri:0, instance:TS_007_LOCATION_DISPLAY_PAGE_FUNCTIONALITY.TC_LDP_017_gm_location_display_functionality5@34f7cfd9]" started-at="2024-05-09T15:00:48 IST" name="teardown" finished-at="2024-05-09T15:00:48 IST" duration-ms="2" status="PASS">
          <reporter-output>
          </reporter-output>
        </test-method> <!-- teardown -->
      </class> <!-- TS_007_LOCATION_DISPLAY_PAGE_FUNCTIONALITY.TC_LDP_017_gm_location_display_functionality5 -->
      <class name="TS_007_LOCATION_DISPLAY_PAGE_FUNCTIONALITY.TC_LDP_016_gm_location_display_functionality4">
        <test-method is-config="true" signature="setup()[pri:0, instance:TS_007_LOCATION_DISPLAY_PAGE_FUNCTIONALITY.TC_LDP_016_gm_location_display_functionality4@3a6bb9bf]" started-at="2024-05-09T15:00:25 IST" name="setup" finished-at="2024-05-09T15:00:36 IST" duration-ms="11289" status="PASS">
          <reporter-output>
          </reporter-output>
        </test-method> <!-- setup -->
        <test-method signature="Validate_click_on_layers_in_display_tc_gm_ldp_016()[pri:0, instance:TS_007_LOCATION_DISPLAY_PAGE_FUNCTIONALITY.TC_LDP_016_gm_location_display_functionality4@3a6bb9bf]" started-at="2024-05-09T15:00:36 IST" name="Validate_click_on_layers_in_display_tc_gm_ldp_016" finished-at="2024-05-09T15:00:36 IST" duration-ms="1" status="PASS">
          <reporter-output>
            <line>
              <![CDATA[method nameValidate_click_on_layers_in_display_tc_gm_ldp_016]]>
            </line>
            <line>
              <![CDATA[method status1]]>
            </line>
          </reporter-output>
        </test-method> <!-- Validate_click_on_layers_in_display_tc_gm_ldp_016 -->
        <test-method is-config="true" signature="teardown()[pri:0, instance:TS_007_LOCATION_DISPLAY_PAGE_FUNCTIONALITY.TC_LDP_016_gm_location_display_functionality4@3a6bb9bf]" started-at="2024-05-09T15:00:36 IST" name="teardown" finished-at="2024-05-09T15:00:36 IST" duration-ms="0" status="PASS">
          <reporter-output>
          </reporter-output>
        </test-method> <!-- teardown -->
      </class> <!-- TS_007_LOCATION_DISPLAY_PAGE_FUNCTIONALITY.TC_LDP_016_gm_location_display_functionality4 -->
      <class name="TS_007_LOCATION_DISPLAY_PAGE_FUNCTIONALITY.TC_LDP_011_gm_location_display_functionality4">
        <test-method is-config="true" signature="setup()[pri:0, instance:TS_007_LOCATION_DISPLAY_PAGE_FUNCTIONALITY.TC_LDP_011_gm_location_display_functionality4@59af0466]" started-at="2024-05-09T15:01:01 IST" name="setup" finished-at="2024-05-09T15:01:12 IST" duration-ms="11418" status="PASS">
          <reporter-output>
          </reporter-output>
        </test-method> <!-- setup -->
        <test-method signature="Validate_title_url_tc_gm_ldp_011()[pri:0, instance:TS_007_LOCATION_DISPLAY_PAGE_FUNCTIONALITY.TC_LDP_011_gm_location_display_functionality4@59af0466]" started-at="2024-05-09T15:01:12 IST" name="Validate_title_url_tc_gm_ldp_011" finished-at="2024-05-09T15:01:13 IST" duration-ms="9" status="PASS">
          <reporter-output>
            <line>
              <![CDATA[method nameValidate_title_url_tc_gm_ldp_011]]>
            </line>
            <line>
              <![CDATA[method status1]]>
            </line>
          </reporter-output>
        </test-method> <!-- Validate_title_url_tc_gm_ldp_011 -->
        <test-method is-config="true" signature="teardown()[pri:0, instance:TS_007_LOCATION_DISPLAY_PAGE_FUNCTIONALITY.TC_LDP_011_gm_location_display_functionality4@59af0466]" started-at="2024-05-09T15:01:13 IST" name="teardown" finished-at="2024-05-09T15:01:13 IST" duration-ms="1" status="PASS">
          <reporter-output>
          </reporter-output>
        </test-method> <!-- teardown -->
      </class> <!-- TS_007_LOCATION_DISPLAY_PAGE_FUNCTIONALITY.TC_LDP_011_gm_location_display_functionality4 -->
      <class name="TS_007_LOCATION_DISPLAY_PAGE_FUNCTIONALITY.TC_LDP_015_gm_location_display_functionality3">
        <test-method is-config="true" signature="setup()[pri:0, instance:TS_007_LOCATION_DISPLAY_PAGE_FUNCTIONALITY.TC_LDP_015_gm_location_display_functionality3@65f095f8]" started-at="2024-05-09T15:00:48 IST" name="setup" finished-at="2024-05-09T15:01:01 IST" duration-ms="13116" status="PASS">
          <reporter-output>
          </reporter-output>
        </test-method> <!-- setup -->
        <test-method signature="Validate_click_on_zoom_in_display_tc_gm_ldp_015()[pri:0, instance:TS_007_LOCATION_DISPLAY_PAGE_FUNCTIONALITY.TC_LDP_015_gm_location_display_functionality3@65f095f8]" started-at="2024-05-09T15:01:01 IST" name="Validate_click_on_zoom_in_display_tc_gm_ldp_015" finished-at="2024-05-09T15:01:01 IST" duration-ms="6" status="PASS">
          <reporter-output>
            <line>
              <![CDATA[method nameValidate_click_on_zoom_in_display_tc_gm_ldp_015]]>
            </line>
            <line>
              <![CDATA[method status1]]>
            </line>
          </reporter-output>
        </test-method> <!-- Validate_click_on_zoom_in_display_tc_gm_ldp_015 -->
        <test-method is-config="true" signature="teardown()[pri:0, instance:TS_007_LOCATION_DISPLAY_PAGE_FUNCTIONALITY.TC_LDP_015_gm_location_display_functionality3@65f095f8]" started-at="2024-05-09T15:01:01 IST" name="teardown" finished-at="2024-05-09T15:01:01 IST" duration-ms="1" status="PASS">
          <reporter-output>
          </reporter-output>
        </test-method> <!-- teardown -->
      </class> <!-- TS_007_LOCATION_DISPLAY_PAGE_FUNCTIONALITY.TC_LDP_015_gm_location_display_functionality3 -->
      <class name="TS_007_LOCATION_DISPLAY_PAGE_FUNCTIONALITY.TC_LDP_009_gm_location_display_functionality4">
        <test-method is-config="true" signature="setup()[pri:0, instance:TS_007_LOCATION_DISPLAY_PAGE_FUNCTIONALITY.TC_LDP_009_gm_location_display_functionality4@524d6d96]" started-at="2024-05-09T15:00:09 IST" name="setup" finished-at="2024-05-09T15:00:18 IST" duration-ms="8975" status="PASS">
          <reporter-output>
          </reporter-output>
        </test-method> <!-- setup -->
        <test-method signature="Validate_travelling_options_tc_gm_ldp_009()[pri:0, instance:TS_007_LOCATION_DISPLAY_PAGE_FUNCTIONALITY.TC_LDP_009_gm_location_display_functionality4@524d6d96]" started-at="2024-05-09T15:00:18 IST" name="Validate_travelling_options_tc_gm_ldp_009" finished-at="2024-05-09T15:00:18 IST" duration-ms="14" status="PASS">
          <reporter-output>
            <line>
              <![CDATA[method nameValidate_travelling_options_tc_gm_ldp_009]]>
            </line>
            <line>
              <![CDATA[method status1]]>
            </line>
          </reporter-output>
        </test-method> <!-- Validate_travelling_options_tc_gm_ldp_009 -->
        <test-method is-config="true" signature="teardown()[pri:0, instance:TS_007_LOCATION_DISPLAY_PAGE_FUNCTIONALITY.TC_LDP_009_gm_location_display_functionality4@524d6d96]" started-at="2024-05-09T15:00:18 IST" name="teardown" finished-at="2024-05-09T15:00:18 IST" duration-ms="0" status="PASS">
          <reporter-output>
          </reporter-output>
        </test-method> <!-- teardown -->
      </class> <!-- TS_007_LOCATION_DISPLAY_PAGE_FUNCTIONALITY.TC_LDP_009_gm_location_display_functionality4 -->
      <class name="TS_007_LOCATION_DISPLAY_PAGE_FUNCTIONALITY.TC_LDP_014_gm_location_display_functionality4">
        <test-method is-config="true" signature="setup()[pri:0, instance:TS_007_LOCATION_DISPLAY_PAGE_FUNCTIONALITY.TC_LDP_014_gm_location_display_functionality4@55536d9e]" started-at="2024-05-09T15:01:38 IST" name="setup" finished-at="2024-05-09T15:01:55 IST" duration-ms="16728" status="PASS">
          <reporter-output>
          </reporter-output>
        </test-method> <!-- setup -->
        <test-method signature="Validate_images_gm_ldp_014()[pri:0, instance:TS_007_LOCATION_DISPLAY_PAGE_FUNCTIONALITY.TC_LDP_014_gm_location_display_functionality4@55536d9e]" started-at="2024-05-09T15:01:55 IST" name="Validate_images_gm_ldp_014" finished-at="2024-05-09T15:01:55 IST" duration-ms="3" status="PASS">
          <reporter-output>
            <line>
              <![CDATA[method nameValidate_images_gm_ldp_014]]>
            </line>
            <line>
              <![CDATA[method status1]]>
            </line>
          </reporter-output>
        </test-method> <!-- Validate_images_gm_ldp_014 -->
        <test-method is-config="true" signature="teardown()[pri:0, instance:TS_007_LOCATION_DISPLAY_PAGE_FUNCTIONALITY.TC_LDP_014_gm_location_display_functionality4@55536d9e]" started-at="2024-05-09T15:01:55 IST" name="teardown" finished-at="2024-05-09T15:01:55 IST" duration-ms="0" status="PASS">
          <reporter-output>
          </reporter-output>
        </test-method> <!-- teardown -->
      </class> <!-- TS_007_LOCATION_DISPLAY_PAGE_FUNCTIONALITY.TC_LDP_014_gm_location_display_functionality4 -->
    </test> <!-- Test -->
  </suite> <!-- Suite -->
</testng-results>
