<?xml version="1.0" encoding="UTF-8"?>
<!-- Generated by org.testng.reporters.JUnitXMLReporter -->
<testsuite ignored="0" hostname="DELL" failures="0" tests="9" name="Test" time="106.598" errors="0" timestamp="2024-05-09T15:01:55 IST">
  <testcase classname="TS_007_LOCATION_DISPLAY_PAGE_FUNCTIONALITY.TC_LDP_009_gm_location_display_functionality4" name="Validate_travelling_options_tc_gm_ldp_009" time="0.014"/>
  <testcase classname="TS_007_LOCATION_DISPLAY_PAGE_FUNCTIONALITY.TC_LDP_012_gm_location_display_functionality4" name="Validate_ui_tc_gm_ldp_0012" time="0.002"/>
  <testcase classname="TS_007_LOCATION_DISPLAY_PAGE_FUNCTIONALITY.TC_LDP_016_gm_location_display_functionality4" name="Validate_click_on_layers_in_display_tc_gm_ldp_016" time="0.001"/>
  <testcase classname="TS_007_LOCATION_DISPLAY_PAGE_FUNCTIONALITY.TC_LDP_017_gm_location_display_functionality5" name="Validate_click_on_restorents_display_tc_gm_ldp_017" time="0.009"/>
  <testcase classname="TS_007_LOCATION_DISPLAY_PAGE_FUNCTIONALITY.TC_LDP_015_gm_location_display_functionality3" name="Validate_click_on_zoom_in_display_tc_gm_ldp_015" time="0.006"/>
  <testcase classname="TS_007_LOCATION_DISPLAY_PAGE_FUNCTIONALITY.TC_LDP_011_gm_location_display_functionality4" name="Validate_title_url_tc_gm_ldp_011" time="0.009"/>
  <testcase classname="TS_007_LOCATION_DISPLAY_PAGE_FUNCTIONALITY.TC_LDP_010_gm_location_display_functionality5" name="Validate_root_options_tc_gm_ldp_0010" time="0.004"/>
  <testcase classname="TS_007_LOCATION_DISPLAY_PAGE_FUNCTIONALITY.TC_LDP_013_gm_location_display_functionality5" name="Validate_supported_env_tc_gm_ldp_013" time="0.002"/>
  <testcase classname="TS_007_LOCATION_DISPLAY_PAGE_FUNCTIONALITY.TC_LDP_014_gm_location_display_functionality4" name="Validate_images_gm_ldp_014" time="0.003"/>
</testsuite> <!-- Test -->
