<?xml version="1.0" encoding="UTF-8"?>
<testng-results ignored="0" total="10" passed="10" failed="0" skipped="0">
  <reporter-output>
    <line>
      <![CDATA[method nameVALIDATE_VALID_CREDENTIAL_LOGIN_001]]>
    </line>
    <line>
      <![CDATA[method status1]]>
    </line>
    <line>
      <![CDATA[method namelogout_LF_LOGOUT_OPTION_NOT_DISPLAYED]]>
    </line>
    <line>
      <![CDATA[method status1]]>
    </line>
    <line>
      <![CDATA[method nameVALIDATE_VALID_CREDENTIAL_LOGIN_001]]>
    </line>
    <line>
      <![CDATA[method status1]]>
    </line>
    <line>
      <![CDATA[method namevalidate_supported_env]]>
    </line>
    <line>
      <![CDATA[method status1]]>
    </line>
    <line>
      <![CDATA[method nameVALIDATE_VALID_CREDENTIAL_LOGIN_001]]>
    </line>
    <line>
      <![CDATA[method status1]]>
    </line>
    <line>
      <![CDATA[method namevalidate_ui]]>
    </line>
    <line>
      <![CDATA[method status1]]>
    </line>
    <line>
      <![CDATA[method nameVALIDATE_VALID_CREDENTIAL_LOGIN_001]]>
    </line>
    <line>
      <![CDATA[method status1]]>
    </line>
    <line>
      <![CDATA[method namelogout_login_logout_immediately_after_logout]]>
    </line>
    <line>
      <![CDATA[method status1]]>
    </line>
    <line>
      <![CDATA[method nameVALIDATE_VALID_CREDENTIAL_LOGIN_001]]>
    </line>
    <line>
      <![CDATA[method status1]]>
    </line>
    <line>
      <![CDATA[method namelogout_title_url_LOF_005]]>
    </line>
    <line>
      <![CDATA[method status1]]>
    </line>
  </reporter-output>
  <suite started-at="2024-05-09T13:24:23 IST" name="Suite" finished-at="2024-05-09T13:25:51 IST" duration-ms="87771">
    <groups>
    </groups>
    <test started-at="2024-05-09T13:24:23 IST" name="Test" finished-at="2024-05-09T13:25:51 IST" duration-ms="87771">
      <class name="TS_003_LOGOUT_FUNCTIONALITY.TC_LG_003_LOGOUT_FUNCTIONALITY2">
        <test-method is-config="true" signature="setup()[pri:0, instance:TS_003_LOGOUT_FUNCTIONALITY.TC_LG_003_LOGOUT_FUNCTIONALITY2@f381794]" started-at="2024-05-09T13:24:23 IST" name="setup" finished-at="2024-05-09T13:24:32 IST" duration-ms="8642" status="PASS">
          <reporter-output>
          </reporter-output>
        </test-method> <!-- setup -->
        <test-method signature="VALIDATE_VALID_CREDENTIAL_LOGIN_001()[pri:0, instance:TS_003_LOGOUT_FUNCTIONALITY.TC_LG_003_LOGOUT_FUNCTIONALITY2@f381794]" started-at="2024-05-09T13:24:32 IST" name="VALIDATE_VALID_CREDENTIAL_LOGIN_001" finished-at="2024-05-09T13:24:32 IST" duration-ms="13" status="PASS">
          <reporter-output>
            <line>
              <![CDATA[method nameVALIDATE_VALID_CREDENTIAL_LOGIN_001]]>
            </line>
            <line>
              <![CDATA[method status1]]>
            </line>
          </reporter-output>
        </test-method> <!-- VALIDATE_VALID_CREDENTIAL_LOGIN_001 -->
        <test-method is-config="true" signature="teardown()[pri:0, instance:TS_003_LOGOUT_FUNCTIONALITY.TC_LG_003_LOGOUT_FUNCTIONALITY2@f381794]" started-at="2024-05-09T13:24:32 IST" name="teardown" finished-at="2024-05-09T13:24:32 IST" duration-ms="1" status="PASS">
          <reporter-output>
          </reporter-output>
        </test-method> <!-- teardown -->
        <test-method is-config="true" signature="setup()[pri:0, instance:TS_003_LOGOUT_FUNCTIONALITY.TC_LG_003_LOGOUT_FUNCTIONALITY2@f381794]" started-at="2024-05-09T13:24:32 IST" name="setup" finished-at="2024-05-09T13:24:37 IST" duration-ms="5246" status="PASS">
          <reporter-output>
          </reporter-output>
        </test-method> <!-- setup -->
        <test-method signature="logout_LF_LOGOUT_OPTION_NOT_DISPLAYED()[pri:0, instance:TS_003_LOGOUT_FUNCTIONALITY.TC_LG_003_LOGOUT_FUNCTIONALITY2@f381794]" started-at="2024-05-09T13:24:37 IST" name="logout_LF_LOGOUT_OPTION_NOT_DISPLAYED" finished-at="2024-05-09T13:24:37 IST" duration-ms="6" status="PASS">
          <reporter-output>
            <line>
              <![CDATA[method namelogout_LF_LOGOUT_OPTION_NOT_DISPLAYED]]>
            </line>
            <line>
              <![CDATA[method status1]]>
            </line>
          </reporter-output>
        </test-method> <!-- logout_LF_LOGOUT_OPTION_NOT_DISPLAYED -->
        <test-method is-config="true" signature="teardown()[pri:0, instance:TS_003_LOGOUT_FUNCTIONALITY.TC_LG_003_LOGOUT_FUNCTIONALITY2@f381794]" started-at="2024-05-09T13:24:37 IST" name="teardown" finished-at="2024-05-09T13:24:37 IST" duration-ms="0" status="PASS">
          <reporter-output>
          </reporter-output>
        </test-method> <!-- teardown -->
      </class> <!-- TS_003_LOGOUT_FUNCTIONALITY.TC_LG_003_LOGOUT_FUNCTIONALITY2 -->
      <class name="TS_003_LOGOUT_FUNCTIONALITY.TC_LG_004_LOGOUT_FUNCTIONALITY2">
        <test-method is-config="true" signature="setup()[pri:0, instance:TS_003_LOGOUT_FUNCTIONALITY.TC_LG_004_LOGOUT_FUNCTIONALITY2@7671cb68]" started-at="2024-05-09T13:25:15 IST" name="setup" finished-at="2024-05-09T13:25:24 IST" duration-ms="8292" status="PASS">
          <reporter-output>
          </reporter-output>
        </test-method> <!-- setup -->
        <test-method signature="VALIDATE_VALID_CREDENTIAL_LOGIN_001()[pri:0, instance:TS_003_LOGOUT_FUNCTIONALITY.TC_LG_004_LOGOUT_FUNCTIONALITY2@7671cb68]" started-at="2024-05-09T13:25:24 IST" name="VALIDATE_VALID_CREDENTIAL_LOGIN_001" finished-at="2024-05-09T13:25:24 IST" duration-ms="4" status="PASS">
          <reporter-output>
            <line>
              <![CDATA[method nameVALIDATE_VALID_CREDENTIAL_LOGIN_001]]>
            </line>
            <line>
              <![CDATA[method status1]]>
            </line>
          </reporter-output>
        </test-method> <!-- VALIDATE_VALID_CREDENTIAL_LOGIN_001 -->
        <test-method is-config="true" signature="teardown()[pri:0, instance:TS_003_LOGOUT_FUNCTIONALITY.TC_LG_004_LOGOUT_FUNCTIONALITY2@7671cb68]" started-at="2024-05-09T13:25:24 IST" name="teardown" finished-at="2024-05-09T13:25:24 IST" duration-ms="1" status="PASS">
          <reporter-output>
          </reporter-output>
        </test-method> <!-- teardown -->
        <test-method is-config="true" signature="setup()[pri:0, instance:TS_003_LOGOUT_FUNCTIONALITY.TC_LG_004_LOGOUT_FUNCTIONALITY2@7671cb68]" started-at="2024-05-09T13:25:24 IST" name="setup" finished-at="2024-05-09T13:25:32 IST" duration-ms="8050" status="PASS">
          <reporter-output>
          </reporter-output>
        </test-method> <!-- setup -->
        <test-method signature="logout_login_logout_immediately_after_logout()[pri:0, instance:TS_003_LOGOUT_FUNCTIONALITY.TC_LG_004_LOGOUT_FUNCTIONALITY2@7671cb68]" started-at="2024-05-09T13:25:32 IST" name="logout_login_logout_immediately_after_logout" finished-at="2024-05-09T13:25:32 IST" duration-ms="5" status="PASS">
          <reporter-output>
            <line>
              <![CDATA[method namelogout_login_logout_immediately_after_logout]]>
            </line>
            <line>
              <![CDATA[method status1]]>
            </line>
          </reporter-output>
        </test-method> <!-- logout_login_logout_immediately_after_logout -->
        <test-method is-config="true" signature="teardown()[pri:0, instance:TS_003_LOGOUT_FUNCTIONALITY.TC_LG_004_LOGOUT_FUNCTIONALITY2@7671cb68]" started-at="2024-05-09T13:25:32 IST" name="teardown" finished-at="2024-05-09T13:25:32 IST" duration-ms="0" status="PASS">
          <reporter-output>
          </reporter-output>
        </test-method> <!-- teardown -->
      </class> <!-- TS_003_LOGOUT_FUNCTIONALITY.TC_LG_004_LOGOUT_FUNCTIONALITY2 -->
      <class name="TS_003_LOGOUT_FUNCTIONALITY.TC_LG_007_LOGOUT_FUNCTIONALITY2">
        <test-method is-config="true" signature="setup()[pri:0, instance:TS_003_LOGOUT_FUNCTIONALITY.TC_LG_007_LOGOUT_FUNCTIONALITY2@61386958]" started-at="2024-05-09T13:24:37 IST" name="setup" finished-at="2024-05-09T13:24:44 IST" duration-ms="7135" status="PASS">
          <reporter-output>
          </reporter-output>
        </test-method> <!-- setup -->
        <test-method signature="VALIDATE_VALID_CREDENTIAL_LOGIN_001()[pri:0, instance:TS_003_LOGOUT_FUNCTIONALITY.TC_LG_007_LOGOUT_FUNCTIONALITY2@61386958]" started-at="2024-05-09T13:24:44 IST" name="VALIDATE_VALID_CREDENTIAL_LOGIN_001" finished-at="2024-05-09T13:24:44 IST" duration-ms="6" status="PASS">
          <reporter-output>
            <line>
              <![CDATA[method nameVALIDATE_VALID_CREDENTIAL_LOGIN_001]]>
            </line>
            <line>
              <![CDATA[method status1]]>
            </line>
          </reporter-output>
        </test-method> <!-- VALIDATE_VALID_CREDENTIAL_LOGIN_001 -->
        <test-method is-config="true" signature="teardown()[pri:0, instance:TS_003_LOGOUT_FUNCTIONALITY.TC_LG_007_LOGOUT_FUNCTIONALITY2@61386958]" started-at="2024-05-09T13:24:44 IST" name="teardown" finished-at="2024-05-09T13:24:44 IST" duration-ms="1" status="PASS">
          <reporter-output>
          </reporter-output>
        </test-method> <!-- teardown -->
        <test-method is-config="true" signature="setup()[pri:0, instance:TS_003_LOGOUT_FUNCTIONALITY.TC_LG_007_LOGOUT_FUNCTIONALITY2@61386958]" started-at="2024-05-09T13:24:44 IST" name="setup" finished-at="2024-05-09T13:24:57 IST" duration-ms="12354" status="PASS">
          <reporter-output>
          </reporter-output>
        </test-method> <!-- setup -->
        <test-method signature="validate_supported_env()[pri:0, instance:TS_003_LOGOUT_FUNCTIONALITY.TC_LG_007_LOGOUT_FUNCTIONALITY2@61386958]" started-at="2024-05-09T13:24:57 IST" name="validate_supported_env" finished-at="2024-05-09T13:24:57 IST" duration-ms="6" status="PASS">
          <reporter-output>
            <line>
              <![CDATA[method namevalidate_supported_env]]>
            </line>
            <line>
              <![CDATA[method status1]]>
            </line>
          </reporter-output>
        </test-method> <!-- validate_supported_env -->
        <test-method is-config="true" signature="teardown()[pri:0, instance:TS_003_LOGOUT_FUNCTIONALITY.TC_LG_007_LOGOUT_FUNCTIONALITY2@61386958]" started-at="2024-05-09T13:24:57 IST" name="teardown" finished-at="2024-05-09T13:24:57 IST" duration-ms="1" status="PASS">
          <reporter-output>
          </reporter-output>
        </test-method> <!-- teardown -->
      </class> <!-- TS_003_LOGOUT_FUNCTIONALITY.TC_LG_007_LOGOUT_FUNCTIONALITY2 -->
      <class name="TS_003_LOGOUT_FUNCTIONALITY.TC_LG_006_LOGOUT_FUNCTIONALITY2">
        <test-method is-config="true" signature="setup()[pri:0, instance:TS_003_LOGOUT_FUNCTIONALITY.TC_LG_006_LOGOUT_FUNCTIONALITY2@73ee04c8]" started-at="2024-05-09T13:24:57 IST" name="setup" finished-at="2024-05-09T13:25:05 IST" duration-ms="8651" status="PASS">
          <reporter-output>
          </reporter-output>
        </test-method> <!-- setup -->
        <test-method signature="VALIDATE_VALID_CREDENTIAL_LOGIN_001()[pri:0, instance:TS_003_LOGOUT_FUNCTIONALITY.TC_LG_006_LOGOUT_FUNCTIONALITY2@73ee04c8]" started-at="2024-05-09T13:25:05 IST" name="VALIDATE_VALID_CREDENTIAL_LOGIN_001" finished-at="2024-05-09T13:25:05 IST" duration-ms="3" status="PASS">
          <reporter-output>
            <line>
              <![CDATA[method nameVALIDATE_VALID_CREDENTIAL_LOGIN_001]]>
            </line>
            <line>
              <![CDATA[method status1]]>
            </line>
          </reporter-output>
        </test-method> <!-- VALIDATE_VALID_CREDENTIAL_LOGIN_001 -->
        <test-method is-config="true" signature="teardown()[pri:0, instance:TS_003_LOGOUT_FUNCTIONALITY.TC_LG_006_LOGOUT_FUNCTIONALITY2@73ee04c8]" started-at="2024-05-09T13:25:05 IST" name="teardown" finished-at="2024-05-09T13:25:05 IST" duration-ms="1" status="PASS">
          <reporter-output>
          </reporter-output>
        </test-method> <!-- teardown -->
        <test-method is-config="true" signature="setup()[pri:0, instance:TS_003_LOGOUT_FUNCTIONALITY.TC_LG_006_LOGOUT_FUNCTIONALITY2@73ee04c8]" started-at="2024-05-09T13:25:05 IST" name="setup" finished-at="2024-05-09T13:25:15 IST" duration-ms="10210" status="PASS">
          <reporter-output>
          </reporter-output>
        </test-method> <!-- setup -->
        <test-method signature="validate_ui()[pri:0, instance:TS_003_LOGOUT_FUNCTIONALITY.TC_LG_006_LOGOUT_FUNCTIONALITY2@73ee04c8]" started-at="2024-05-09T13:25:15 IST" name="validate_ui" finished-at="2024-05-09T13:25:15 IST" duration-ms="5" status="PASS">
          <reporter-output>
            <line>
              <![CDATA[method namevalidate_ui]]>
            </line>
            <line>
              <![CDATA[method status1]]>
            </line>
          </reporter-output>
        </test-method> <!-- validate_ui -->
        <test-method is-config="true" signature="teardown()[pri:0, instance:TS_003_LOGOUT_FUNCTIONALITY.TC_LG_006_LOGOUT_FUNCTIONALITY2@73ee04c8]" started-at="2024-05-09T13:25:15 IST" name="teardown" finished-at="2024-05-09T13:25:15 IST" duration-ms="0" status="PASS">
          <reporter-output>
          </reporter-output>
        </test-method> <!-- teardown -->
      </class> <!-- TS_003_LOGOUT_FUNCTIONALITY.TC_LG_006_LOGOUT_FUNCTIONALITY2 -->
      <class name="TS_003_LOGOUT_FUNCTIONALITY.TC_LG_005_LOGOUT_FUNCTIONALITY2">
        <test-method is-config="true" signature="setup()[pri:0, instance:TS_003_LOGOUT_FUNCTIONALITY.TC_LG_005_LOGOUT_FUNCTIONALITY2@49dc7102]" started-at="2024-05-09T13:25:32 IST" name="setup" finished-at="2024-05-09T13:25:40 IST" duration-ms="7680" status="PASS">
          <reporter-output>
          </reporter-output>
        </test-method> <!-- setup -->
        <test-method signature="VALIDATE_VALID_CREDENTIAL_LOGIN_001()[pri:0, instance:TS_003_LOGOUT_FUNCTIONALITY.TC_LG_005_LOGOUT_FUNCTIONALITY2@49dc7102]" started-at="2024-05-09T13:25:40 IST" name="VALIDATE_VALID_CREDENTIAL_LOGIN_001" finished-at="2024-05-09T13:25:40 IST" duration-ms="10" status="PASS">
          <reporter-output>
            <line>
              <![CDATA[method nameVALIDATE_VALID_CREDENTIAL_LOGIN_001]]>
            </line>
            <line>
              <![CDATA[method status1]]>
            </line>
          </reporter-output>
        </test-method> <!-- VALIDATE_VALID_CREDENTIAL_LOGIN_001 -->
        <test-method is-config="true" signature="teardown()[pri:0, instance:TS_003_LOGOUT_FUNCTIONALITY.TC_LG_005_LOGOUT_FUNCTIONALITY2@49dc7102]" started-at="2024-05-09T13:25:40 IST" name="teardown" finished-at="2024-05-09T13:25:40 IST" duration-ms="1" status="PASS">
          <reporter-output>
          </reporter-output>
        </test-method> <!-- teardown -->
        <test-method is-config="true" signature="setup()[pri:0, instance:TS_003_LOGOUT_FUNCTIONALITY.TC_LG_005_LOGOUT_FUNCTIONALITY2@49dc7102]" started-at="2024-05-09T13:25:40 IST" name="setup" finished-at="2024-05-09T13:25:51 IST" duration-ms="11351" status="PASS">
          <reporter-output>
          </reporter-output>
        </test-method> <!-- setup -->
        <test-method signature="logout_title_url_LOF_005()[pri:0, instance:TS_003_LOGOUT_FUNCTIONALITY.TC_LG_005_LOGOUT_FUNCTIONALITY2@49dc7102]" started-at="2024-05-09T13:25:51 IST" name="logout_title_url_LOF_005" finished-at="2024-05-09T13:25:51 IST" duration-ms="4" status="PASS">
          <reporter-output>
            <line>
              <![CDATA[method namelogout_title_url_LOF_005]]>
            </line>
            <line>
              <![CDATA[method status1]]>
            </line>
          </reporter-output>
        </test-method> <!-- logout_title_url_LOF_005 -->
        <test-method is-config="true" signature="teardown()[pri:0, instance:TS_003_LOGOUT_FUNCTIONALITY.TC_LG_005_LOGOUT_FUNCTIONALITY2@49dc7102]" started-at="2024-05-09T13:25:51 IST" name="teardown" finished-at="2024-05-09T13:25:51 IST" duration-ms="0" status="PASS">
          <reporter-output>
          </reporter-output>
        </test-method> <!-- teardown -->
      </class> <!-- TS_003_LOGOUT_FUNCTIONALITY.TC_LG_005_LOGOUT_FUNCTIONALITY2 -->
    </test> <!-- Test -->
  </suite> <!-- Suite -->
</testng-results>
