<?xml version="1.0" encoding="UTF-8"?>
<!-- Generated by org.testng.reporters.JUnitXMLReporter -->
<testsuite ignored="0" hostname="DELL" failures="0" tests="4" name="Test" time="41.882" errors="0" timestamp="2024-05-09T10:12:42 IST">
  <testcase classname="TS_001_GM_REGISTRATION_FUNCTIONALITY.TC_008_GM_REGISTRATION_FUNCTIONALITY5" name="VALIDATE_title_url_GM_RF_008" time="0.006"/>
  <testcase classname="TS_001_GM_REGISTRATION_FUNCTIONALITY.TC_009_GM_REGISTRATION_FUNCTIONALITY6" name="VALIDATE_gm_rf_ui_009" time="0.002"/>
  <testcase classname="TS_001_GM_REGISTRATION_FUNCTIONALITY.TC_007_REGISTRATION_FUNCTIONALITY6" name="VALIDATE_password_complexity_GM_RF_007" time="0.003"/>
  <testcase classname="TS_001_GM_REGISTRATION_FUNCTIONALITY.TC_010_GM_REGISTRATION_FUNCTIONALITY7" name="VALIDATE_supported_env_gm_rf__010" time="0.004"/>
</testsuite> <!-- Test -->
