<?xml version="1.0" encoding="UTF-8"?>
<!-- Generated by org.testng.reporters.JUnitXMLReporter -->
<testsuite ignored="0" hostname="DELL" failures="0" tests="11" name="Test" time="120.217" errors="0" timestamp="2024-05-09T14:02:07 IST">
  <testcase classname="TS_005_SEARCH_FUNCTIONALITY.TC_SF_007_SEARCH_FUNCTIONALITY3" name="search_button_gm_sf_006" time="0.075"/>
  <testcase classname="TS_005_SEARCH_FUNCTIONALITY.TC_SF_001_SEARCH_FUNCTIONALITY" name="search_existing_location_gm_sf_001" time="0.007"/>
  <testcase classname="TS_005_SEARCH_FUNCTIONALITY.TC_SF_010_SEARCH_FUNCTIONALITY2" name="search_supported_env_gm_sf_010" time="0.138"/>
  <testcase classname="TS_005_SEARCH_FUNCTIONALITY.TC_SF_005_SEARCH_FUNCTIONALITY2" name="search_multiple_location_gm_sf_005" time="0.006"/>
  <testcase classname="TS_002_LOGIN_FUNCTIONALITY.TC_GM_001_LOGIN_FUNCTIONALITY" name="VALIDATE_VALID_CREDENTIAL_LOGIN_001" time="0.0"/>
  <testcase classname="TS_005_SEARCH_FUNCTIONALITY.TC_SF_004_SEARCH_FUNCTIONALITY2" name="search_AFTER_LOGIN_location_gm_sf_004" time="0.01"/>
  <testcase classname="TS_005_SEARCH_FUNCTIONALITY.TC_SF_002_SEARCH_FUNCTIONALITY2" name="search_NON_existing_location_gm_sf_001" time="0.006"/>
  <testcase classname="TS_005_SEARCH_FUNCTIONALITY.TC_SF_008_SEARCH_FUNCTIONALITY2" name="search_title_url_gm_sf_008" time="0.0"/>
  <testcase classname="TS_005_SEARCH_FUNCTIONALITY.TC_SF_006_SEARCH_FUNCTIONALITY2" name="search_placeholder_gm_sf_006" time="0.002"/>
  <testcase classname="TS_005_SEARCH_FUNCTIONALITY.TC_SF_009_SEARCH_FUNCTIONALITY2" name="search_ui_gm_sf_009" time="0.107"/>
  <testcase classname="TS_005_SEARCH_FUNCTIONALITY.TC_SF_003_SEARCH_FUNCTIONALITY2" name="search_WITHOUT_location_gm_sf_003" time="0.004"/>
</testsuite> <!-- Test -->
