<?xml version="1.0" encoding="UTF-8"?>
<!-- Generated by org.testng.reporters.JUnitXMLReporter -->
<testsuite ignored="0" hostname="DELL" failures="1" tests="1" name="Test" time="34.447" errors="0" timestamp="2024-05-09T15:30:35 IST">
  <testcase classname="TS_008_CHANGE_PASSWORD_FUNCTIONALITY.TC_GM_005_CHANGE_PASSWORD3" name="VALIDATE_mandotry_symbolCHANGE_PASSWORD_PAGE_005" time="26.112">
    <failure type="java.lang.IllegalArgumentException" message="Cannot find elements when the XPath is null.">
      <![CDATA[java.lang.IllegalArgumentException: Cannot find elements when the XPath is null.
at org.openqa.selenium.internal.Require$ArgumentChecker.nonNull(Require.java:207)
at org.openqa.selenium.By$ByXPath.<init>(By.java:286)
at org.openqa.selenium.By.xpath(By.java:89)
at TS_008_CHANGE_PASSWORD_FUNCTIONALITY.TC_GM_005_CHANGE_PASSWORD3.VALIDATE_mandotry_symbolCHANGE_PASSWORD_PAGE_005(TC_GM_005_CHANGE_PASSWORD3.java:63)
at java.base/java.util.ArrayList.forEach(ArrayList.java:1596)
... Removed 25 stack frames]]>
    </failure>
  </testcase> <!-- VALIDATE_mandotry_symbolCHANGE_PASSWORD_PAGE_005 -->
</testsuite> <!-- Test -->
